\BOOKMARK [0][-]{chapter.1}{\376\377\000I\000n\000t\000r\000o\000d\000u\000\347\000\343\000o}{}% 1
\BOOKMARK [1][-]{section.1.1}{\376\377\000F\000i\000g\000u\000r\000a\000s\000\040\000e\000\040\000T\000a\000b\000e\000l\000a\000s}{chapter.1}% 2
\BOOKMARK [1][-]{section.1.2}{\376\377\000C\000i\000t\000a\000\347\000\343\000o}{chapter.1}% 3
\BOOKMARK [2][-]{subsection.1.2.1}{\376\377\000F\000i\000n\000a\000l\000\040\000d\000o\000\040\000t\000e\000x\000t\000o}{section.1.2}% 4
\BOOKMARK [2][-]{subsection.1.2.2}{\376\377\000I\000n\000\355\000c\000i\000o\000\040\000d\000o\000\040\000t\000e\000x\000t\000o}{section.1.2}% 5
\BOOKMARK [1][-]{section.1.3}{\376\377\000A\000l\000\355\000n\000e\000a\000s}{chapter.1}% 6
\BOOKMARK [1][-]{section.1.4}{\376\377\000C\000u\000s\000t\000o\000m\000i\000z\000a\000\347\000\343\000o}{chapter.1}% 7
\BOOKMARK [1][-]{section.1.5}{\376\377\000N\000a\000m\000e\000d\000r\000e\000f}{chapter.1}% 8
\BOOKMARK [0][-]{chapter.2}{\376\377\000F\000u\000n\000d\000a\000m\000e\000n\000t\000a\000\347\000\343\000o\000\040\000T\000e\000\363\000r\000i\000c\000a}{}% 9
\BOOKMARK [1][-]{section.2.1}{\376\377\000S\000e\000\347\000\343\000o}{chapter.2}% 10
\BOOKMARK [2][-]{subsection.2.1.1}{\376\377\000S\000u\000b\000S\000e\000\347\000\343\000o}{section.2.1}% 11
\BOOKMARK [0][-]{chapter.3}{\376\377\000M\000e\000t\000o\000d\000o\000l\000o\000g\000i\000a}{}% 12
\BOOKMARK [1][-]{section.3.1}{\376\377\000C\000o\000n\000s\000t\000r\000u\000\347\000\343\000o\000\040\000d\000a\000\040\000b\000a\000s\000e\000\040\000d\000e\000\040\000d\000a\000d\000o\000s\000\040\000s\000i\000n\000t\000\351\000t\000i\000c\000a}{chapter.3}% 13
\BOOKMARK [1][-]{section.3.2}{\376\377\000M\000o\000d\000e\000l\000a\000g\000e\000m\000\040\000d\000o\000\040\000c\000a\000d\000a\000s\000t\000r\000o\000\040\000d\000e\000\040\000i\000d\000e\000n\000t\000i\000d\000a\000d\000e\000s}{chapter.3}% 14
\BOOKMARK [1][-]{section.3.3}{\376\377\000E\000x\000t\000r\000a\000\347\000\343\000o\000\040\000i\000n\000i\000c\000i\000a\000l\000\040\000d\000e\000\040\000c\000a\000r\000a\000c\000t\000e\000r\000\355\000s\000t\000i\000c\000a\000s\000\040\000f\000a\000c\000i\000a\000i\000s\000\040\000\050\000b\000a\000s\000e\000l\000i\000n\000e\000\051}{chapter.3}% 15
\BOOKMARK [1][-]{section.3.4}{\376\377\000G\000e\000r\000a\000\347\000\343\000o\000\040\000d\000e\000\040\000v\000a\000r\000i\000a\000\347\000\365\000e\000s\000\040\000s\000i\000n\000t\000\351\000t\000i\000c\000a\000s\000\040\000d\000a\000s\000\040\000i\000m\000a\000g\000e\000n\000s}{chapter.3}% 16
\BOOKMARK [1][-]{section.3.5}{\376\377\000E\000x\000t\000r\000a\000\347\000\343\000o\000\040\000d\000e\000\040\000e\000m\000b\000e\000d\000d\000i\000n\000g\000s\000\040\000f\000a\000c\000i\000a\000i\000s\000\040\000p\000o\000r\000\040\000m\000o\000d\000e\000l\000o\000\040\000p\000r\000\351\000-\000t\000r\000e\000i\000n\000a\000d\000o}{chapter.3}% 17
\BOOKMARK [1][-]{section.3.6}{\376\377\000D\000e\000f\000i\000n\000i\000\347\000\343\000o\000\040\000d\000a\000\040\000m\000\351\000t\000r\000i\000c\000a\000\040\000d\000e\000\040\000s\000i\000m\000i\000l\000a\000r\000i\000d\000a\000d\000e}{chapter.3}% 18
\BOOKMARK [1][-]{section.3.7}{\376\377\000P\000r\000o\000t\000o\000c\000o\000l\000o\000\040\000e\000x\000p\000e\000r\000i\000m\000e\000n\000t\000a\000l\000\040\000d\000e\000\040\000a\000v\000a\000l\000i\000a\000\347\000\343\000o}{chapter.3}% 19
\BOOKMARK [0][-]{chapter.4}{\376\377\000R\000e\000s\000u\000l\000t\000a\000d\000o\000s}{}% 20
\BOOKMARK [1][-]{section.4.1}{\376\377\000S\000e\000p\000a\000r\000a\000b\000i\000l\000i\000d\000a\000d\000e\000\040\000n\000o\000\040\000e\000s\000p\000a\000\347\000o\000\040\000d\000e\000\040\000e\000m\000b\000e\000d\000d\000i\000n\000g\000s}{chapter.4}% 21
\BOOKMARK [1][-]{section.4.2}{\376\377\000A\000v\000a\000l\000i\000a\000\347\000\343\000o\000\040\000b\000i\000o\000m\000\351\000t\000r\000i\000c\000a\000\040\000p\000o\000r\000\040\000F\000A\000R\000\040\000e\000\040\000F\000R\000R}{chapter.4}% 22
\BOOKMARK [1][-]{section.4.3}{\376\377\000D\000e\000f\000i\000n\000i\000\347\000\343\000o\000\040\000d\000o\000\040\000l\000i\000m\000i\000a\000r\000\040\000d\000e\000\040\000d\000e\000c\000i\000s\000\343\000o\000\040\000\050\000t\000h\000r\000e\000s\000h\000o\000l\000d\000\051}{chapter.4}% 23
\BOOKMARK [1][-]{section.4.4}{\376\377\000A\000n\000\341\000l\000i\000s\000e\000\040\000q\000u\000a\000l\000i\000t\000a\000t\000i\000v\000a\000\040\000d\000o\000s\000\040\000p\000a\000r\000e\000s\000\040\000d\000e\000\040\000c\000o\000m\000p\000a\000r\000a\000\347\000\343\000o}{chapter.4}% 24
\BOOKMARK [1][-]{section.4.5}{\376\377\000A\000v\000a\000l\000i\000a\000\347\000\343\000o\000\040\000d\000o\000\040\000p\000r\000o\000c\000e\000s\000s\000o\000\040\000d\000e\000\040\000i\000d\000e\000n\000t\000i\000f\000i\000c\000a\000\347\000\343\000o\000\040\000\050\0001\000\040\000v\000s\000\040\000N\000\051}{chapter.4}% 25
\BOOKMARK [0][-]{chapter.5}{\376\377\000C\000o\000n\000c\000l\000u\000s\000\343\000o}{}% 26
\BOOKMARK [0][-]{section*.31}{\376\377\000R\000e\000f\000e\000r\000\352\000n\000c\000i\000a\000s}{}% 27
